0 info it worked if it ends with ok
1 verbose cli [ 'node', '/usr/local/bin/npm', 'cache', 'clean' ]
2 info using npm@1.4.23
3 info using node@v0.10.31
4 error Error: EACCES, unlink '/Users/tusil/.npm/JSONStream/1.0.4'
4 error  { [Error: EACCES, unlink '/Users/tusil/.npm/JSONStream/1.0.4']
4 error   errno: 3,
4 error   code: 'EACCES',
4 error   path: '/Users/tusil/.npm/JSONStream/1.0.4' }
5 error Please try running this command again as root/Administrator.
6 error System Darwin 15.0.0
7 error command "node" "/usr/local/bin/npm" "cache" "clean"
8 error cwd /Volumes/Data/Sites/vacbot
9 error node -v v0.10.31
10 error npm -v 1.4.23
11 error path /Users/tusil/.npm/JSONStream/1.0.4
12 error code EACCES
13 error errno 3
14 error stack Error: EACCES, unlink '/Users/tusil/.npm/JSONStream/1.0.4'
15 verbose exit [ 3, true ]
